
The following have been reloaded with a version change:
  1) python/3.6.3 => python/2.7.14

srun: error: m011: task 0: Exited with exit code 13
srun: Terminating job step 2051252.0
slurmstepd: error: execve(): parallel_test.py: Permission denied
